<?xml version="1.0" encoding="UTF-8"?>
<testsuite xmlns:xsi="http://www.w3.org/2001/XMLSchema-instance" xsi:noNamespaceSchemaLocation="https://maven.apache.org/surefire/maven-surefire-plugin/xsd/surefire-test-report.xsd" name="wanda.springframework.petclinic.services.map.OwnerMapServiceTest" time="0.032" tests="8" errors="0" skipped="0" failures="0">
  <properties>
[...]
</properties>
  <testcase name="saveNoId" classname="wanda.springframework.petclinic.services.map.OwnerMapServiceTest" time="0.019"/>
  <testcase name="findByLastNameNotFound" classname="wanda.springframework.petclinic.services.map.OwnerMapServiceTest" time="0.001"/>
  <testcase name="saveExistingId" classname="wanda.springframework.petclinic.services.map.OwnerMapServiceTest" time="0"/>
  <testcase name="delete" classname="wanda.springframework.petclinic.services.map.OwnerMapServiceTest" time="0"/>
  <testcase name="findAll" classname="wanda.springframework.petclinic.services.map.OwnerMapServiceTest" time="0"/>
  <testcase name="findById" classname="wanda.springframework.petclinic.services.map.OwnerMapServiceTest" time="0.001"/>
  <testcase name="findByLastName" classname="wanda.springframework.petclinic.services.map.OwnerMapServiceTest" time="0"/>
  <testcase name="deleteById" classname="wanda.springframework.petclinic.services.map.OwnerMapServiceTest" time="0"/>
</testsuite>